<?xml version="1.0" encoding="UTF-8"?>
<!-- Generated by org.testng.reporters.JUnitXMLReporter -->
<testsuite hostname="DESKTOP-35GNI5I" name="Default test" tests="3" failures="0" timestamp="11 Oct 2016 12:26:15 GMT" time="32.022" errors="0">
  <testcase name="addItemsAndVerifyCount" time="2.973" classname="toDoListTests.TodosTests"/>
  <testcase name="createToDoItemAndDeleteIt" time="5.626" classname="toDoListTests.TodosTests"/>
  <testcase name="verifyActiveItemsLeft" time="0.662" classname="toDoListTests.TodosTests"/>
</testsuite> <!-- Default test -->
