<?xml version="1.0" encoding="UTF-8"?>
<testng-results skipped="0" failed="0" total="3" passed="3">
  <reporter-output>
  </reporter-output>
  <suite name="Default suite" duration-ms="32022" started-at="2016-10-11T12:25:43Z" finished-at="2016-10-11T12:26:15Z">
    <groups>
    </groups>
    <test name="Default test" duration-ms="32022" started-at="2016-10-11T12:25:43Z" finished-at="2016-10-11T12:26:15Z">
      <class name="toDoListTests.TodosTests">
        <test-method status="PASS" signature="openApplicationToTest()[pri:0, instance:toDoListTests.TodosTests@27efef64]" name="openApplicationToTest" is-config="true" duration-ms="7253" started-at="2016-10-11T23:25:43Z" finished-at="2016-10-11T23:25:50Z">
          <reporter-output>
          </reporter-output>
        </test-method> <!-- openApplicationToTest -->
        <test-method status="PASS" signature="addItemsAndVerifyCount()[pri:0, instance:toDoListTests.TodosTests@27efef64]" name="addItemsAndVerifyCount" duration-ms="2973" started-at="2016-10-11T23:25:50Z" finished-at="2016-10-11T23:25:53Z">
          <reporter-output>
          </reporter-output>
        </test-method> <!-- addItemsAndVerifyCount -->
        <test-method status="PASS" signature="disposeEverything()[pri:0, instance:toDoListTests.TodosTests@27efef64]" name="disposeEverything" is-config="true" duration-ms="1128" started-at="2016-10-11T23:25:53Z" finished-at="2016-10-11T23:25:54Z">
          <reporter-output>
          </reporter-output>
        </test-method> <!-- disposeEverything -->
        <test-method status="PASS" signature="openApplicationToTest()[pri:0, instance:toDoListTests.TodosTests@27efef64]" name="openApplicationToTest" is-config="true" duration-ms="6291" started-at="2016-10-11T23:25:54Z" finished-at="2016-10-11T23:26:01Z">
          <reporter-output>
          </reporter-output>
        </test-method> <!-- openApplicationToTest -->
        <test-method status="PASS" signature="createToDoItemAndDeleteIt()[pri:0, instance:toDoListTests.TodosTests@27efef64]" name="createToDoItemAndDeleteIt" duration-ms="5626" started-at="2016-10-11T23:26:01Z" finished-at="2016-10-11T23:26:06Z">
          <reporter-output>
          </reporter-output>
        </test-method> <!-- createToDoItemAndDeleteIt -->
        <test-method status="PASS" signature="disposeEverything()[pri:0, instance:toDoListTests.TodosTests@27efef64]" name="disposeEverything" is-config="true" duration-ms="865" started-at="2016-10-11T23:26:06Z" finished-at="2016-10-11T23:26:07Z">
          <reporter-output>
          </reporter-output>
        </test-method> <!-- disposeEverything -->
        <test-method status="PASS" signature="openApplicationToTest()[pri:0, instance:toDoListTests.TodosTests@27efef64]" name="openApplicationToTest" is-config="true" duration-ms="6381" started-at="2016-10-11T23:26:07Z" finished-at="2016-10-11T23:26:14Z">
          <reporter-output>
          </reporter-output>
        </test-method> <!-- openApplicationToTest -->
        <test-method status="PASS" signature="verifyActiveItemsLeft()[pri:0, instance:toDoListTests.TodosTests@27efef64]" name="verifyActiveItemsLeft" duration-ms="662" started-at="2016-10-11T23:26:14Z" finished-at="2016-10-11T23:26:14Z">
          <reporter-output>
          </reporter-output>
        </test-method> <!-- verifyActiveItemsLeft -->
        <test-method status="PASS" signature="disposeEverything()[pri:0, instance:toDoListTests.TodosTests@27efef64]" name="disposeEverything" is-config="true" duration-ms="809" started-at="2016-10-11T23:26:14Z" finished-at="2016-10-11T23:26:15Z">
          <reporter-output>
          </reporter-output>
        </test-method> <!-- disposeEverything -->
      </class> <!-- toDoListTests.TodosTests -->
    </test> <!-- Default test -->
  </suite> <!-- Default suite -->
</testng-results>
